\BOOKMARK [0][-]{titulo.0}{\376\377\000P\000\341\000g\000i\000n\000a\000\040\000d\000e\000\040\000T\000\355\000t\000u\000l\000o}{}% 1
\BOOKMARK [0][-]{indices.0}{\376\377\000\315\000n\000d\000i\000c\000e\000s}{}% 2
\BOOKMARK [1][-]{tabla de contenidos.1}{\376\377\000T\000a\000b\000l\000a\000\040\000d\000e\000\040\000C\000o\000n\000t\000e\000n\000i\000d\000o\000s}{indices.0}% 3
\BOOKMARK [1][-]{indice de figuras.1}{\376\377\000\315\000n\000d\000i\000c\000e\000\040\000d\000e\000\040\000f\000i\000g\000u\000r\000a\000s}{indices.0}% 4
\BOOKMARK [1][-]{indice de tablas.1}{\376\377\000\315\000n\000d\000i\000c\000e\000\040\000d\000e\000\040\000t\000a\000b\000l\000a\000s}{indices.0}% 5
\BOOKMARK [0][-]{chapter.8}{\376\377\000I\000n\000t\000r\000o\000d\000u\000c\000c\000i\000\363\000n}{}% 6
\BOOKMARK [1][-]{section.9}{\376\377\000M\000o\000t\000i\000v\000a\000c\000i\000\363\000n}{chapter.8}% 7
\BOOKMARK [1][-]{section.10}{\376\377\000O\000b\000j\000e\000t\000i\000v\000o\000s}{chapter.8}% 8
\BOOKMARK [1][-]{section.11}{\376\377\000P\000l\000a\000n\000\040\000d\000e\000\040\000t\000r\000a\000b\000a\000j\000o}{chapter.8}% 9
\BOOKMARK [0][-]{chapter.13}{\376\377\000E\000s\000t\000a\000d\000o\000\040\000d\000e\000\040\000l\000a\000\040\000c\000u\000e\000s\000t\000i\000\363\000n}{}% 10
\BOOKMARK [1][-]{section.14}{\376\377\000T\000i\000p\000o\000s\000\040\000d\000e\000\040\000r\000e\000a\000l\000i\000d\000a\000d\000\040\000a\000u\000m\000e\000n\000t\000a\000d\000a}{chapter.13}% 11
\BOOKMARK [1][-]{section.16}{\376\377\000A\000p\000l\000i\000c\000a\000c\000i\000o\000n\000e\000s\000\040\000d\000e\000\040\000l\000a\000\040\000R\000e\000a\000l\000i\000d\000a\000d\000\040\000A\000u\000m\000e\000n\000t\000a\000d\000a}{chapter.13}% 12
\BOOKMARK [1][-]{section.21}{\376\377\000A\000P\000I\000s\000\040\000y\000\040\000S\000D\000K\000s\000\040\000d\000e\000\040\000R\000e\000a\000l\000i\000d\000a\000d\000\040\000A\000u\000m\000e\000n\000t\000a\000d\000a}{chapter.13}% 13
\BOOKMARK [2][-]{subsection.22}{\376\377\000V\000u\000f\000o\000r\000i\000a}{section.21}% 14
\BOOKMARK [2][-]{subsection.23}{\376\377\000A\000R\000T\000o\000o\000l\000K\000i\000t}{section.21}% 15
\BOOKMARK [2][-]{subsection.24}{\376\377\000O\000p\000e\000n\000C\000V}{section.21}% 16
\BOOKMARK [2][-]{subsection.25}{\376\377\000S\000D\000K\000s\000\040\000d\000e\000\040\000N\000V\000I\000D\000I\000A}{section.21}% 17
\BOOKMARK [2][-]{subsection.26}{\376\377\000D\000e\000e\000p\000A\000R}{section.21}% 18
\BOOKMARK [2][-]{subsection.27}{\376\377\000C\000o\000m\000p\000a\000r\000a\000t\000i\000v\000a\000\040\000d\000e\000\040\000t\000o\000d\000a\000s\000\040\000l\000a\000s\000\040\000h\000e\000r\000r\000a\000m\000i\000e\000n\000t\000a\000s}{section.21}% 19
\BOOKMARK [2][-]{subsection.29}{\376\377\000D\000e\000c\000i\000s\000i\000\363\000n\000\040\000t\000e\000c\000n\000o\000l\000\363\000g\000i\000c\000a\000:\000\040\000O\000p\000e\000n\000C\000V\000\040\000y\000\040\000e\000l\000\040\000m\000\363\000d\000u\000l\000o\000\040\000A\000r\000U\000c\000o}{section.21}% 20
\BOOKMARK [1][-]{section.30}{\376\377\000O\000B\000S\000\040\000S\000t\000u\000d\000i\000o}{chapter.13}% 21
\BOOKMARK [2][-]{subsection.31}{\376\377\000O\000B\000S\000\040\000S\000t\000u\000d\000i\000o\000\040\000c\000o\000m\000o\000\040\000u\000s\000u\000a\000r\000i\000o}{section.30}% 22
\BOOKMARK [2][-]{subsection.35}{\376\377\000D\000e\000s\000a\000r\000r\000o\000l\000l\000o\000\040\000d\000e\000\040\000p\000l\000u\000g\000i\000n\000s}{section.30}% 23
\BOOKMARK [2][-]{subsection.36}{\376\377\000R\000e\000n\000d\000e\000r\000i\000z\000a\000d\000o\000\040\000d\000e\000\040\000c\000o\000n\000t\000e\000n\000i\000d\000o\000\040\0003\000D\000\040\000e\000n\000\040\000O\000B\000S}{section.30}% 24
\BOOKMARK [1][-]{section.37}{\376\377\000R\000e\000a\000l\000i\000d\000a\000d\000\040\000A\000u\000m\000e\000n\000t\000a\000d\000a\000\040\000e\000n\000\040\000O\000B\000S\000\040\000S\000t\000u\000d\000i\000o}{chapter.13}% 25
\BOOKMARK [2][-]{subsection.38}{\376\377\000A\000p\000l\000i\000c\000a\000c\000i\000\363\000n\000\040\000e\000x\000t\000e\000r\000n\000a}{section.37}% 26
\BOOKMARK [2][-]{subsection.39}{\376\377\000I\000n\000t\000e\000g\000r\000a\000c\000i\000\363\000n\000\040\000n\000a\000t\000i\000v\000a\000\040\000m\000e\000d\000i\000a\000n\000t\000e\000\040\000p\000l\000u\000g\000i\000n}{section.37}% 27
\BOOKMARK [2][-]{subsection.40}{\376\377\000F\000l\000u\000j\000o\000\040\000c\000o\000n\000c\000e\000p\000t\000u\000a\000l\000\040\000d\000e\000\040\000l\000a\000\040\000R\000e\000a\000l\000i\000d\000a\000d\000\040\000A\000u\000m\000e\000n\000t\000a\000d\000a}{section.37}% 28
\BOOKMARK [1][-]{section.42}{\376\377\000C\000o\000n\000c\000u\000r\000s\000o\000s\000\040\000d\000e\000\040\000P\000r\000o\000g\000r\000a\000m\000a\000c\000i\000\363\000n\000\040\000y\000\040\000D\000O\000M\000j\000u\000d\000g\000e}{chapter.13}% 29
\BOOKMARK [2][-]{subsection.43}{\376\377\000Q\000u\000\351\000\040\000s\000o\000n\000\040\000l\000o\000s\000\040\000c\000o\000n\000c\000u\000r\000s\000o\000s\000\040\000d\000e\000\040\000p\000r\000o\000g\000r\000a\000m\000a\000c\000i\000\363\000n\000\040\000y\000\040\000c\000\363\000m\000o\000\040\000f\000u\000n\000c\000i\000o\000n\000a\000n}{section.42}% 30
\BOOKMARK [2][-]{subsection.44}{\376\377\000D\000O\000M\000j\000u\000d\000g\000e}{section.42}% 31
\BOOKMARK [2][-]{subsection.46}{\376\377\000A\000P\000I\000\040\000R\000E\000S\000T\000\040\000d\000e\000\040\000D\000O\000M\000j\000u\000d\000g\000e}{section.42}% 32
\BOOKMARK [0][-]{chapter.48}{\376\377\000D\000e\000s\000c\000r\000i\000p\000c\000i\000\363\000n\000\040\000d\000e\000l\000\040\000T\000r\000a\000b\000a\000j\000o}{}% 33
\BOOKMARK [1][-]{section.49}{\376\377\000C\000o\000n\000s\000t\000r\000u\000c\000c\000i\000\363\000n\000\040\000y\000\040\000c\000i\000c\000l\000o\000\040\000d\000e\000\040\000v\000i\000d\000a}{chapter.48}% 34
\BOOKMARK [2][-]{subsection.50}{\376\377\000D\000e\000p\000e\000n\000d\000e\000n\000c\000i\000a\000s\000\040\000y\000\040\000c\000o\000m\000p\000i\000l\000a\000c\000i\000\363\000n}{section.49}% 35
\BOOKMARK [2][-]{subsection.51}{\376\377\000C\000i\000c\000l\000o\000\040\000d\000e\000\040\000v\000i\000d\000a\000\040\000d\000e\000l\000\040\000p\000l\000u\000g\000i\000n}{section.49}% 36
\BOOKMARK [2][-]{subsection.63}{\376\377\000C\000o\000n\000f\000i\000g\000u\000r\000a\000c\000i\000\363\000n\000\040\000d\000i\000n\000\341\000m\000i\000c\000a}{section.49}% 37
\BOOKMARK [2][-]{subsection.64}{\376\377\000A\000r\000q\000u\000i\000t\000e\000c\000t\000u\000r\000a\000\040\000d\000e\000\040\000h\000i\000l\000o\000s}{section.49}% 38
\BOOKMARK [1][-]{section.66}{\376\377\000M\000o\000d\000e\000l\000o\000s\000\040\0003\000D\000\040\000y\000\040\000o\000v\000e\000r\000l\000a\000y\000s}{chapter.48}% 39
\BOOKMARK [2][-]{subsection.67}{\376\377\000G\000e\000s\000t\000i\000\363\000n\000\040\000d\000e\000\040\000g\000e\000o\000m\000e\000t\000r\000\355\000a\000\040\000p\000o\000l\000i\000g\000o\000n\000a\000l}{section.66}% 40
\BOOKMARK [2][-]{subsection.69}{\376\377\000T\000r\000a\000n\000s\000f\000o\000r\000m\000a\000c\000i\000o\000n\000e\000s\000\040\000y\000\040\000c\000o\000n\000t\000r\000o\000l\000\040\000d\000e\000\040\000u\000s\000u\000a\000r\000i\000o}{section.66}% 41
\BOOKMARK [2][-]{subsection.70}{\376\377\000T\000e\000x\000t\000o\000\040\0003\000D\000\040\000y\000\040\000o\000v\000e\000r\000l\000a\000y\000s}{section.66}% 42
\BOOKMARK [2][-]{subsection.72}{\376\377\000E\000l\000\040\000m\000o\000d\000o\000\040\000c\000r\000o\000n\000\363\000m\000e\000t\000r\000o\000\040\0003\000D}{section.66}% 43
\BOOKMARK [1][-]{section.73}{\376\377\000D\000e\000t\000e\000c\000c\000i\000\363\000n\000\040\000A\000r\000U\000c\000o\000\040\000y\000\040\000c\000a\000l\000i\000b\000r\000a\000c\000i\000\363\000n\000\040\000d\000e\000\040\000c\000\341\000m\000a\000r\000a}{chapter.48}% 44
\BOOKMARK [2][-]{subsection.74}{\376\377\000I\000n\000t\000e\000g\000r\000a\000c\000i\000\363\000n\000\040\000c\000o\000n\000\040\000O\000p\000e\000n\000C\000V}{section.73}% 45
\BOOKMARK [2][-]{subsection.75}{\376\377\000C\000a\000l\000i\000b\000r\000a\000c\000i\000\363\000n\000\040\000d\000e\000\040\000l\000a\000\040\000c\000\341\000m\000a\000r\000a}{section.73}% 46
\BOOKMARK [2][-]{subsection.81}{\376\377\000E\000s\000t\000i\000m\000a\000c\000i\000\363\000n\000\040\000d\000e\000\040\000p\000o\000s\000e}{section.73}% 47
\BOOKMARK [2][-]{subsection.82}{\376\377\000R\000o\000b\000u\000s\000t\000e\000z\000\040\000y\000\040\000s\000e\000g\000u\000i\000m\000i\000e\000n\000t\000o\000\040\000t\000e\000m\000p\000o\000r\000a\000l}{section.73}% 48
\BOOKMARK [1][-]{section.85}{\376\377\000C\000o\000n\000f\000i\000g\000u\000r\000a\000c\000i\000\363\000n\000\040\000d\000e\000l\000\040\000m\000o\000d\000o\000\040\000A\000R}{chapter.48}% 49
\BOOKMARK [2][-]{subsection.86}{\376\377\000D\000i\000c\000c\000i\000o\000n\000a\000r\000i\000o\000\040\000e\000\040\000i\000d\000e\000n\000t\000i\000f\000i\000c\000a\000d\000o\000r\000\040\000d\000e\000l\000\040\000d\000e\000t\000e\000c\000t\000o\000r}{section.85}% 50
\BOOKMARK [2][-]{subsection.88}{\376\377\000O\000f\000f\000s\000e\000t\000s\000\040\000d\000e\000\040\000p\000o\000s\000i\000c\000i\000\363\000n\000\040\000y\000\040\000r\000o\000t\000a\000c\000i\000\363\000n}{section.85}% 51
\BOOKMARK [2][-]{subsection.89}{\376\377\000M\000o\000d\000o\000s\000\040\000d\000e\000\040\000v\000i\000s\000u\000a\000l\000i\000z\000a\000c\000i\000\363\000n}{section.85}% 52
\BOOKMARK [1][-]{section.90}{\376\377\000C\000o\000n\000e\000c\000t\000i\000v\000i\000d\000a\000d\000\040\000y\000\040\000s\000i\000n\000c\000r\000o\000n\000i\000z\000a\000c\000i\000\363\000n\000\040\000c\000o\000n\000\040\000D\000O\000M\000j\000u\000d\000g\000e}{chapter.48}% 53
\BOOKMARK [2][-]{subsection.92}{\376\377\000R\000e\000d\000\040\000a\000s\000\355\000n\000c\000r\000o\000n\000a\000\040\000c\000o\000n\000\040\000l\000i\000b\000c\000u\000r\000l}{section.90}% 54
\BOOKMARK [2][-]{subsection.93}{\376\377\000M\000\341\000q\000u\000i\000n\000a\000\040\000d\000e\000\040\000e\000s\000t\000a\000d\000o\000s\000\040\000d\000e\000\040\000c\000o\000n\000e\000x\000i\000\363\000n}{section.90}% 55
\BOOKMARK [2][-]{subsection.94}{\376\377\000C\000o\000n\000f\000i\000g\000u\000r\000a\000c\000i\000\363\000n\000\040\000y\000\040\000s\000e\000g\000u\000r\000i\000d\000a\000d}{section.90}% 56
\BOOKMARK [2][-]{subsection.95}{\376\377\000E\000n\000d\000p\000o\000i\000n\000t\000s\000\040\000y\000\040\000p\000r\000o\000c\000e\000s\000a\000d\000o\000\040\000J\000S\000O\000N}{section.90}% 57
\BOOKMARK [2][-]{subsection.99}{\376\377\000O\000p\000t\000i\000m\000i\000z\000a\000c\000i\000\363\000n\000\040\000d\000e\000\040\000t\000r\000\341\000f\000i\000c\000o\000\040\000y\000\040\000l\000a\000t\000e\000n\000c\000i\000a}{section.90}% 58
\BOOKMARK [2][-]{subsection.100}{\376\377\000M\000a\000p\000e\000o\000\040\000d\000e\000\040\000m\000a\000r\000c\000a\000d\000o\000r\000e\000s\000\040\000a\000\040\000e\000q\000u\000i\000p\000o\000s}{section.90}% 59
\BOOKMARK [2][-]{subsection.101}{\376\377\000E\000l\000\040\000s\000c\000o\000r\000e\000b\000o\000a\000r\000d\000\040\000v\000i\000s\000u\000a\000l}{section.90}% 60
\BOOKMARK [1][-]{section.102}{\376\377\000O\000v\000e\000r\000l\000a\000y\000s\000\040\0002\000D\000\040\000a\000n\000c\000l\000a\000d\000o\000s\000\040\000a\000l\000\040\000m\000a\000r\000c\000a\000d\000o\000r}{chapter.48}% 61
\BOOKMARK [2][-]{subsection.103}{\376\377\000E\000l\000\040\000s\000i\000s\000t\000e\000m\000a\000\040\000d\000e\000\040\000c\000o\000o\000r\000d\000e\000n\000a\000d\000a\000s}{section.102}% 62
\BOOKMARK [2][-]{subsection.105}{\376\377\000E\000l\000\040\000e\000f\000e\000c\000t\000o\000\040\000v\000i\000s\000u\000a\000l\000\040\000b\000u\000s\000c\000a\000d\000o}{section.102}% 63
\BOOKMARK [2][-]{subsection.106}{\376\377\000D\000e\000t\000e\000c\000c\000i\000\363\000n\000\040\000e\000n\000\040\000l\000o\000s\000\040\000m\000o\000d\000o\000s\000\040\000d\000e\000\040\000t\000e\000x\000t\000o}{section.102}% 64
\BOOKMARK [2][-]{subsection.111}{\376\377\000S\000e\000l\000e\000c\000c\000i\000\363\000n\000\040\000y\000\040\000m\000a\000p\000e\000o\000\040\000d\000e\000\040\000m\000a\000r\000c\000a\000d\000o\000r\000e\000s\000\040\000e\000n\000\040\000T\000e\000a\000m\000\040\000I\000n\000f\000o}{section.102}% 65
\BOOKMARK [2][-]{subsection.112}{\376\377\000C\000o\000m\000p\000o\000s\000i\000c\000i\000\363\000n\000\040\000d\000e\000l\000\040\000s\000c\000o\000r\000e\000b\000o\000a\000r\000d}{section.102}% 66
\BOOKMARK [2][-]{subsection.113}{\376\377\000C\000a\000d\000e\000n\000a\000\040\000d\000e\000\040\000t\000r\000a\000n\000s\000f\000o\000r\000m\000a\000c\000i\000o\000n\000e\000s}{section.102}% 67
\BOOKMARK [2][-]{subsection.114}{\376\377\000S\000u\000a\000v\000i\000z\000a\000d\000o\000\040\000d\000e\000l\000\040\000o\000v\000e\000r\000l\000a\000y}{section.102}% 68
\BOOKMARK [2][-]{subsection.115}{\376\377\000F\000o\000n\000d\000o\000\040\000d\000e\000l\000\040\000o\000v\000e\000r\000l\000a\000y}{section.102}% 69
\BOOKMARK [1][-]{section.116}{\376\377\000L\000i\000b\000e\000r\000a\000c\000i\000\363\000n\000\040\000d\000e\000\040\000r\000e\000c\000u\000r\000s\000o\000s}{chapter.48}% 70
\BOOKMARK [2][-]{subsection.117}{\376\377\000P\000e\000r\000s\000i\000s\000t\000e\000n\000c\000i\000a\000\040\000d\000e\000\040\000e\000s\000t\000a\000d\000o}{section.116}% 71
\BOOKMARK [2][-]{subsection.120}{\376\377\000M\000e\000m\000o\000r\000i\000a\000\040\000G\000P\000U}{section.116}% 72
\BOOKMARK [2][-]{subsection.121}{\376\377\000L\000i\000m\000p\000i\000e\000z\000a\000\040\000d\000e\000l\000\040\000d\000e\000t\000e\000c\000t\000o\000r}{section.116}% 73
\BOOKMARK [2][-]{subsection.122}{\376\377\000C\000i\000e\000r\000r\000e\000\040\000d\000e\000\040\000c\000o\000n\000e\000x\000i\000o\000n\000e\000s}{section.116}% 74
\BOOKMARK [0][-]{chapter.123}{\376\377\000C\000o\000n\000c\000l\000u\000s\000i\000o\000n\000e\000s\000\040\000y\000\040\000T\000r\000a\000b\000a\000j\000o\000\040\000F\000u\000t\000u\000r\000o}{}% 75
\BOOKMARK [1][-]{section.124}{\376\377\000C\000o\000n\000c\000l\000u\000s\000i\000o\000n\000e\000s}{chapter.123}% 76
\BOOKMARK [1][-]{section.125}{\376\377\000L\000i\000m\000i\000t\000a\000c\000i\000o\000n\000e\000s}{chapter.123}% 77
\BOOKMARK [1][-]{section.126}{\376\377\000T\000r\000a\000b\000a\000j\000o\000\040\000F\000u\000t\000u\000r\000o}{chapter.123}% 78
\BOOKMARK [0][-]{chapter*.127}{\376\377\000C\000o\000n\000t\000r\000i\000b\000u\000c\000i\000o\000n\000e\000s\000\040\000P\000e\000r\000s\000o\000n\000a\000l\000e\000s}{}% 79
\BOOKMARK [0][-]{chapter*.128}{\376\377\000B\000i\000b\000l\000i\000o\000g\000r\000a\000f\000\355\000a}{}% 80
\BOOKMARK [0][-]{appendix.129}{\376\377\000M\000a\000n\000u\000a\000l\000\040\000d\000e\000\040\000I\000n\000s\000t\000a\000l\000a\000c\000i\000\363\000n\000\040\000d\000e\000l\000\040\000P\000l\000u\000g\000i\000n}{}% 81
\BOOKMARK [0][-]{appendix.130}{\376\377\000M\000a\000n\000u\000a\000l\000\040\000d\000e\000\040\000C\000o\000n\000f\000i\000g\000u\000r\000a\000c\000i\000\363\000n\000\040\000d\000e\000l\000\040\000P\000l\000u\000g\000i\000n}{}% 82
\BOOKMARK [0][-]{fin.0}{\376\377\000F\000i\000n}{}% 83
