\BOOKMARK [0][-]{titulo.0}{\376\377\000P\000\341\000g\000i\000n\000a\000\040\000d\000e\000\040\000T\000\355\000t\000u\000l\000o}{}% 1
\BOOKMARK [0][-]{indices.0}{\376\377\000\315\000n\000d\000i\000c\000e\000s}{}% 2
\BOOKMARK [1][-]{tabla de contenidos.1}{\376\377\000T\000a\000b\000l\000a\000\040\000d\000e\000\040\000C\000o\000n\000t\000e\000n\000i\000d\000o\000s}{indices.0}% 3
\BOOKMARK [1][-]{indice de figuras.1}{\376\377\000\315\000n\000d\000i\000c\000e\000\040\000d\000e\000\040\000f\000i\000g\000u\000r\000a\000s}{indices.0}% 4
\BOOKMARK [1][-]{indice de tablas.1}{\376\377\000\315\000n\000d\000i\000c\000e\000\040\000d\000e\000\040\000t\000a\000b\000l\000a\000s}{indices.0}% 5
\BOOKMARK [0][-]{chapter.8}{\376\377\000I\000n\000t\000r\000o\000d\000u\000c\000c\000i\000\363\000n}{}% 6
\BOOKMARK [1][-]{section.9}{\376\377\000M\000o\000t\000i\000v\000a\000c\000i\000\363\000n}{chapter.8}% 7
\BOOKMARK [1][-]{section.10}{\376\377\000O\000b\000j\000e\000t\000i\000v\000o\000s}{chapter.8}% 8
\BOOKMARK [1][-]{section.12}{\376\377\000P\000l\000a\000n\000\040\000d\000e\000\040\000t\000r\000a\000b\000a\000j\000o}{chapter.8}% 9
\BOOKMARK [0][-]{chapter.14}{\376\377\000E\000s\000t\000a\000d\000o\000\040\000d\000e\000\040\000l\000a\000\040\000c\000u\000e\000s\000t\000i\000\363\000n\000\040\000R\000e\000a\000l\000i\000d\000a\000d\000\040\000A\000u\000m\000e\000n\000t\000a\000d\000a}{}% 10
\BOOKMARK [1][-]{section.15}{\376\377\000T\000i\000p\000o\000s\000\040\000d\000e\000\040\000r\000e\000a\000l\000i\000d\000a\000d\000\040\000a\000u\000m\000e\000n\000t\000a\000d\000a}{chapter.14}% 11
\BOOKMARK [2][-]{subsection.20}{\376\377\000F\000l\000u\000j\000o\000\040\000c\000o\000n\000c\000e\000p\000t\000u\000a\000l\000\040\000d\000e\000\040\000l\000a\000\040\000R\000e\000a\000l\000i\000d\000a\000d\000\040\000A\000u\000m\000e\000n\000t\000a\000d\000a}{section.15}% 12
\BOOKMARK [1][-]{section.22}{\376\377\000A\000p\000l\000i\000c\000a\000c\000i\000o\000n\000e\000s\000\040\000d\000e\000\040\000l\000a\000\040\000R\000e\000a\000l\000i\000d\000a\000d\000\040\000A\000u\000m\000e\000n\000t\000a\000d\000a}{chapter.14}% 13
\BOOKMARK [1][-]{section.27}{\376\377\000A\000P\000I\000s\000\040\000y\000\040\000S\000D\000K\000s\000\040\000d\000e\000\040\000R\000e\000a\000l\000i\000d\000a\000d\000\040\000A\000u\000m\000e\000n\000t\000a\000d\000a}{chapter.14}% 14
\BOOKMARK [2][-]{subsection.28}{\376\377\000V\000u\000f\000o\000r\000i\000a}{section.27}% 15
\BOOKMARK [2][-]{subsection.29}{\376\377\000A\000R\000T\000o\000o\000l\000K\000i\000t}{section.27}% 16
\BOOKMARK [2][-]{subsection.30}{\376\377\000S\000D\000K\000s\000\040\000d\000e\000\040\000N\000V\000I\000D\000I\000A}{section.27}% 17
\BOOKMARK [2][-]{subsection.31}{\376\377\000D\000e\000e\000p\000A\000R}{section.27}% 18
\BOOKMARK [2][-]{subsection.32}{\376\377\000O\000p\000e\000n\000C\000V}{section.27}% 19
\BOOKMARK [2][-]{subsection.35}{\376\377\000C\000o\000m\000p\000a\000r\000a\000t\000i\000v\000a\000\040\000d\000e\000\040\000t\000o\000d\000a\000s\000\040\000l\000a\000s\000\040\000h\000e\000r\000r\000a\000m\000i\000e\000n\000t\000a\000s}{section.27}% 20
\BOOKMARK [2][-]{subsection.37}{\376\377\000D\000e\000c\000i\000s\000i\000\363\000n\000\040\000t\000e\000c\000n\000o\000l\000\363\000g\000i\000c\000a\000:\000\040\000O\000p\000e\000n\000C\000V\000\040\000y\000\040\000e\000l\000\040\000m\000\363\000d\000u\000l\000o\000\040\000A\000r\000U\000c\000o}{section.27}% 21
\BOOKMARK [1][-]{section.38}{\376\377\000O\000B\000S\000\040\000S\000t\000u\000d\000i\000o}{chapter.14}% 22
\BOOKMARK [2][-]{subsection.39}{\376\377\000O\000B\000S\000\040\000S\000t\000u\000d\000i\000o\000\040\000c\000o\000m\000o\000\040\000u\000s\000u\000a\000r\000i\000o}{section.38}% 23
\BOOKMARK [2][-]{subsection.42}{\376\377\000D\000e\000s\000a\000r\000r\000o\000l\000l\000o\000\040\000d\000e\000\040\000p\000l\000u\000g\000i\000n\000s}{section.38}% 24
\BOOKMARK [2][-]{subsection.43}{\376\377\000R\000e\000n\000d\000e\000r\000i\000z\000a\000d\000o\000\040\000d\000e\000\040\000c\000o\000n\000t\000e\000n\000i\000d\000o\000\040\0003\000D\000\040\000e\000n\000\040\000O\000B\000S}{section.38}% 25
\BOOKMARK [1][-]{section.44}{\376\377\000R\000e\000a\000l\000i\000d\000a\000d\000\040\000A\000u\000m\000e\000n\000t\000a\000d\000a\000\040\000e\000n\000\040\000O\000B\000S\000\040\000S\000t\000u\000d\000i\000o}{chapter.14}% 26
\BOOKMARK [2][-]{subsection.47}{\376\377\000A\000p\000l\000i\000c\000a\000c\000i\000\363\000n\000\040\000e\000x\000t\000e\000r\000n\000a}{section.44}% 27
\BOOKMARK [2][-]{subsection.52}{\376\377\000I\000n\000t\000e\000g\000r\000a\000c\000i\000\363\000n\000\040\000n\000a\000t\000i\000v\000a\000\040\000m\000e\000d\000i\000a\000n\000t\000e\000\040\000p\000l\000u\000g\000i\000n}{section.44}% 28
\BOOKMARK [1][-]{section.53}{\376\377\000C\000o\000n\000c\000l\000u\000s\000i\000o\000n\000e\000s}{chapter.14}% 29
\BOOKMARK [0][-]{chapter.54}{\376\377\000E\000s\000t\000a\000d\000o\000\040\000d\000e\000\040\000l\000a\000\040\000C\000u\000e\000s\000t\000i\000\363\000n\000\040\000C\000o\000n\000c\000u\000r\000s\000o\000s\000\040\000d\000e\000\040\000P\000r\000o\000g\000r\000a\000m\000a\000c\000i\000\363\000n}{}% 30
\BOOKMARK [1][-]{section.55}{\376\377\000C\000o\000n\000c\000u\000r\000s\000o\000s\000\040\000d\000e\000\040\000P\000r\000o\000g\000r\000a\000m\000a\000c\000i\000\363\000n}{chapter.54}% 31
\BOOKMARK [2][-]{subsection.57}{\376\377\000O\000b\000j\000e\000t\000i\000v\000o\000s\000\040\000d\000e\000\040\000l\000o\000s\000\040\000c\000o\000n\000c\000u\000r\000s\000o\000s\000\040\000d\000e\000\040\000p\000r\000o\000g\000r\000a\000m\000a\000c\000i\000\363\000n}{section.55}% 32
\BOOKMARK [2][-]{subsection.58}{\376\377\000F\000o\000r\000m\000a\000t\000o\000\040\000I\000C\000P\000C\000\040\000y\000\040\000d\000i\000n\000\341\000m\000i\000c\000a\000\040\000d\000e\000l\000\040\000c\000o\000n\000c\000u\000r\000s\000o}{section.55}% 33
\BOOKMARK [2][-]{subsection.59}{\376\377\000V\000e\000r\000e\000d\000i\000c\000t\000o\000s\000\040\000d\000e\000l\000\040\000j\000u\000e\000z\000\040\000a\000u\000t\000o\000m\000\341\000t\000i\000c\000o}{section.55}% 34
\BOOKMARK [2][-]{subsection.60}{\376\377\000I\000n\000f\000r\000a\000e\000s\000t\000r\000u\000c\000t\000u\000r\000a\000\040\000t\000e\000c\000n\000o\000l\000\363\000g\000i\000c\000a\000:\000\040\000e\000l\000\040\000C\000M\000S}{section.55}% 35
\BOOKMARK [1][-]{section.61}{\376\377\000D\000O\000M\000j\000u\000d\000g\000e}{chapter.54}% 36
\BOOKMARK [2][-]{subsection.62}{\376\377\000A\000r\000q\000u\000i\000t\000e\000c\000t\000u\000r\000a}{section.61}% 37
\BOOKMARK [2][-]{subsection.64}{\376\377\000A\000P\000I\000\040\000R\000E\000S\000T\000\040\000d\000e\000\040\000D\000O\000M\000j\000u\000d\000g\000e}{section.61}% 38
\BOOKMARK [1][-]{section.66}{\376\377\000C\000o\000n\000c\000l\000u\000s\000i\000o\000n\000e\000s\000\040\000d\000e\000l\000\040\000E\000s\000t\000a\000d\000o\000\040\000d\000e\000\040\000l\000a\000\040\000C\000u\000e\000s\000t\000i\000\363\000n\000\040\000e\000n\000\040\000C\000o\000n\000c\000u\000r\000s\000o\000s\000\040\000d\000e\000\040\000P\000r\000o\000g\000r\000a\000m\000a\000c\000i\000\363\000n}{chapter.54}% 39
\BOOKMARK [0][-]{chapter.67}{\376\377\000D\000e\000s\000c\000r\000i\000p\000c\000i\000\363\000n\000\040\000d\000e\000l\000\040\000T\000r\000a\000b\000a\000j\000o\000\040\000R\000e\000a\000l\000i\000d\000a\000d\000\040\000A\000u\000m\000e\000n\000t\000a\000d\000a}{}% 40
\BOOKMARK [1][-]{section.68}{\376\377\000D\000e\000c\000i\000s\000i\000\363\000n\000\040\000a\000r\000q\000u\000i\000t\000e\000c\000t\000\363\000n\000i\000c\000a\000:\000\040\000f\000u\000e\000n\000t\000e\000\040\000o\000\040\000f\000i\000l\000t\000r\000o}{chapter.67}% 41
\BOOKMARK [2][-]{subsection.69}{\376\377\000L\000a\000s\000\040\000d\000o\000s\000\040\000a\000l\000t\000e\000r\000n\000a\000t\000i\000v\000a\000s\000\040}{section.68}% 42
\BOOKMARK [2][-]{subsection.70}{\376\377\000A\000n\000\341\000l\000i\000s\000i\000s\000\040\000d\000e\000l\000\040\000A\000P\000I\000:\000\040\000q\000u\000\351\000\040\000p\000u\000e\000d\000e\000\040\000h\000a\000c\000e\000r\000\040\000c\000a\000d\000a\000\040\000t\000i\000p\000o}{section.68}% 43
\BOOKMARK [2][-]{subsection.71}{\376\377\000D\000e\000c\000i\000s\000i\000\363\000n\000\040\000y\000\040\000c\000o\000n\000s\000e\000c\000u\000e\000n\000c\000i\000a\000s\000\040\000p\000a\000r\000a\000\040\000l\000a\000\040\000i\000m\000p\000l\000e\000m\000e\000n\000t\000a\000c\000i\000\363\000n}{section.68}% 44
\BOOKMARK [1][-]{section.72}{\376\377\000C\000i\000c\000l\000o\000\040\000d\000e\000\040\000v\000i\000d\000a\000\040\000d\000e\000l\000\040\000p\000l\000u\000g\000i\000n}{chapter.67}% 45
\BOOKMARK [2][-]{subsection.73}{\376\377\000I\000n\000i\000c\000i\000a\000l\000i\000z\000a\000c\000i\000\363\000n}{section.72}% 46
\BOOKMARK [2][-]{subsection.74}{\376\377\000A\000c\000t\000u\000a\000l\000i\000z\000a\000c\000i\000\363\000n\000\040\000d\000e\000\040\000l\000\363\000g\000i\000c\000a}{section.72}% 47
\BOOKMARK [2][-]{subsection.75}{\376\377\000R\000e\000n\000d\000e\000r\000i\000z\000a\000d\000o\000\040\000g\000r\000\341\000f\000i\000c\000o}{section.72}% 48
\BOOKMARK [2][-]{subsection.76}{\376\377\000A\000c\000t\000u\000a\000l\000i\000z\000a\000c\000i\000\363\000n\000\040\000d\000e\000\040\000c\000o\000n\000f\000i\000g\000u\000r\000a\000c\000i\000\363\000n}{section.72}% 49
\BOOKMARK [2][-]{subsection.77}{\376\377\000C\000o\000n\000v\000e\000r\000s\000i\000\363\000n\000\040\000d\000e\000\040\000f\000o\000r\000m\000a\000t\000o\000s\000\040\000d\000e\000\040\000v\000\355\000d\000e\000o\000\040\000d\000e\000\040\000e\000n\000t\000r\000a\000d\000a}{section.72}% 50
\BOOKMARK [1][-]{section.79}{\376\377\000M\000o\000t\000o\000r\000\040\000d\000e\000\040\000r\000e\000n\000d\000e\000r\000i\000z\000a\000d\000o\000\040\0003\000D}{chapter.67}% 51
\BOOKMARK [2][-]{subsection.80}{\376\377\000F\000u\000n\000c\000i\000\363\000n\000\040\000d\000e\000n\000t\000r\000o\000\040\000d\000e\000l\000\040\000s\000i\000s\000t\000e\000m\000a}{section.79}% 52
\BOOKMARK [2][-]{subsection.84}{\376\377\000C\000a\000r\000g\000a\000\040\000d\000e\000\040\000a\000c\000t\000i\000v\000o\000s\000\040\000t\000r\000i\000d\000i\000m\000e\000n\000s\000i\000o\000n\000a\000l\000e\000s\000\040\000c\000o\000n\000\040\000A\000s\000s\000i\000m\000p}{section.79}% 53
\BOOKMARK [2][-]{subsection.85}{\376\377\000R\000e\000p\000r\000e\000s\000e\000n\000t\000a\000c\000i\000\363\000n\000\040\000i\000n\000t\000e\000r\000n\000a\000\040\000y\000\040\000t\000r\000a\000n\000s\000f\000e\000r\000e\000n\000c\000i\000a\000\040\000a\000\040\000G\000P\000U}{section.79}% 54
\BOOKMARK [2][-]{subsection.86}{\376\377\000T\000r\000a\000n\000s\000f\000o\000r\000m\000a\000c\000i\000o\000n\000e\000s\000\040\000l\000o\000c\000a\000l\000e\000s\000\040\000d\000e\000l\000\040\000m\000o\000d\000e\000l\000o}{section.79}% 55
\BOOKMARK [2][-]{subsection.87}{\376\377\000G\000e\000s\000t\000i\000\363\000n\000\040\000y\000\040\000r\000e\000c\000a\000r\000g\000a\000\040\000d\000e\000\040\000r\000e\000c\000u\000r\000s\000o\000s}{section.79}% 56
\BOOKMARK [1][-]{section.88}{\376\377\000D\000e\000l\000\040\000r\000e\000n\000d\000e\000r\000i\000z\000a\000d\000o\000\040\0003\000D\000\040\000a\000\040\000l\000a\000\040\000r\000e\000a\000l\000i\000d\000a\000d\000\040\000a\000u\000m\000e\000n\000t\000a\000d\000a}{chapter.67}% 57
\BOOKMARK [2][-]{subsection.89}{\376\377\000D\000e\000t\000e\000c\000c\000i\000\363\000n\000\040\000d\000e\000\040\000m\000a\000r\000c\000a\000d\000o\000r\000e\000s\000\040\000A\000r\000U\000c\000o}{section.88}% 58
\BOOKMARK [2][-]{subsection.90}{\376\377\000E\000s\000t\000i\000m\000a\000c\000i\000\363\000n\000\040\000d\000e\000\040\000p\000o\000s\000e\000\040\000y\000\040\000c\000a\000l\000i\000b\000r\000a\000c\000i\000\363\000n\000\040\000d\000e\000\040\000c\000\341\000m\000a\000r\000a}{section.88}% 59
\BOOKMARK [2][-]{subsection.94}{\376\377\000C\000o\000n\000v\000e\000r\000s\000i\000\363\000n\000\040\000e\000n\000t\000r\000e\000\040\000l\000o\000s\000\040\000s\000i\000s\000t\000e\000m\000a\000s\000\040\000d\000e\000\040\000c\000o\000o\000r\000d\000e\000n\000a\000d\000a\000s\000\040\000d\000e\000\040\000O\000p\000e\000n\000C\000V\000\040\000y\000\040\000O\000B\000S}{section.88}% 60
\BOOKMARK [2][-]{subsection.95}{\376\377\000L\000i\000m\000i\000t\000a\000c\000i\000o\000n\000e\000s\000\040\000d\000e\000l\000\040\000P\000i\000p\000e\000l\000i\000n\000e\000\040\000G\000r\000\341\000f\000i\000c\000o\000\040\000d\000e\000\040\000O\000B\000S\000\040\000S\000t\000u\000d\000i\000o\000\040\000e\000n\000\040\000E\000n\000t\000o\000r\000n\000o\000s\000\040\000d\000e\000\040\000P\000r\000e\000v\000i\000s\000u\000a\000l\000i\000z\000a\000c\000i\000\363\000n}{section.88}% 61
\BOOKMARK [2][-]{subsection.96}{\376\377\000A\000n\000c\000l\000a\000j\000e\000\040\000d\000e\000l\000\040\000m\000o\000d\000e\000l\000o\000\040\000a\000l\000\040\000m\000a\000r\000c\000a\000d\000o\000r}{section.88}% 62
\BOOKMARK [1][-]{section.97}{\376\377\000C\000o\000n\000f\000i\000g\000u\000r\000a\000c\000i\000\363\000n\000\040\000d\000e\000l\000\040\000m\000o\000d\000o\000\040\000A\000R}{chapter.67}% 63
\BOOKMARK [2][-]{subsection.98}{\376\377\000D\000i\000c\000c\000i\000o\000n\000a\000r\000i\000o\000,\000\040\000i\000d\000e\000n\000t\000i\000f\000i\000c\000a\000d\000o\000r\000\040\000y\000\040\000t\000a\000m\000a\000\361\000o\000\040\000d\000e\000l\000\040\000m\000a\000r\000c\000a\000d\000o\000r}{section.97}% 64
\BOOKMARK [2][-]{subsection.100}{\376\377\000A\000r\000c\000h\000i\000v\000o\000\040\000d\000e\000\040\000c\000a\000l\000i\000b\000r\000a\000c\000i\000\363\000n}{section.97}% 65
\BOOKMARK [2][-]{subsection.101}{\376\377\000M\000o\000d\000e\000l\000o\000\040\0003\000D\000\040\000y\000\040\000t\000e\000x\000t\000u\000r\000a}{section.97}% 66
\BOOKMARK [2][-]{subsection.103}{\376\377\000O\000f\000f\000s\000e\000t\000s\000\040\000d\000e\000\040\000p\000o\000s\000i\000c\000i\000\363\000n\000,\000\040\000r\000o\000t\000a\000c\000i\000\363\000n\000\040\000y\000\040\000e\000s\000c\000a\000l\000a}{section.97}% 67
\BOOKMARK [1][-]{section.105}{\376\377\000C\000o\000n\000c\000l\000u\000s\000i\000o\000n\000e\000s\000\040\000d\000e\000\040\000l\000a\000\040\000D\000e\000s\000c\000r\000i\000p\000c\000i\000\363\000n\000\040\000d\000e\000l\000\040\000T\000r\000a\000b\000a\000j\000o\000\040\000d\000e\000\040\000R\000e\000a\000l\000i\000d\000a\000d\000\040\000A\000u\000m\000e\000n\000t\000a\000d\000a}{chapter.67}% 68
\BOOKMARK [0][-]{chapter.106}{\376\377\000D\000e\000s\000c\000r\000i\000p\000c\000i\000\363\000n\000\040\000d\000e\000l\000\040\000T\000r\000a\000b\000a\000j\000o\000\040\000C\000o\000n\000c\000u\000r\000s\000o\000s\000\040\000d\000e\000\040\000P\000r\000o\000g\000r\000a\000m\000a\000c\000i\000\363\000n}{}% 69
\BOOKMARK [1][-]{section.107}{\376\377\000R\000e\000n\000d\000e\000r\000i\000z\000a\000d\000o\000\040\000d\000e\000\040\000t\000e\000x\000t\000o\000\040\000d\000i\000n\000\341\000m\000i\000c\000o}{chapter.106}% 70
\BOOKMARK [2][-]{subsection.108}{\376\377\000C\000a\000d\000e\000n\000a\000\040\000d\000e\000\040\000p\000r\000o\000c\000e\000s\000a\000m\000i\000e\000n\000t\000o\000\040\000d\000e\000\040\000r\000e\000n\000d\000e\000r\000i\000z\000a\000d\000o}{section.107}% 71
\BOOKMARK [2][-]{subsection.111}{\376\377\000S\000u\000a\000v\000i\000z\000a\000d\000o\000\040\000d\000e\000\040\000l\000a\000\040\000s\000u\000p\000e\000r\000p\000o\000s\000i\000c\000i\000\363\000n}{section.107}% 72
\BOOKMARK [1][-]{section.112}{\376\377\000E\000l\000\040\000r\000e\000l\000o\000j\000\040\000a\000n\000a\000l\000\363\000g\000i\000c\000o\000\040\0003\000D}{chapter.106}% 73
\BOOKMARK [1][-]{section.113}{\376\377\000C\000o\000n\000e\000c\000t\000i\000v\000i\000d\000a\000d\000\040\000c\000o\000n\000\040\000D\000O\000M\000j\000u\000d\000g\000e}{chapter.106}% 74
\BOOKMARK [2][-]{subsection.114}{\376\377\000A\000r\000q\000u\000i\000t\000e\000c\000t\000u\000r\000a\000\040\000d\000e\000\040\000h\000i\000l\000o\000s}{section.113}% 75
\BOOKMARK [2][-]{subsection.116}{\376\377\000R\000e\000d\000\040\000a\000s\000\355\000n\000c\000r\000o\000n\000a\000\040\000c\000o\000n\000\040\000l\000i\000b\000c\000u\000r\000l}{section.113}% 76
\BOOKMARK [2][-]{subsection.117}{\376\377\000M\000\341\000q\000u\000i\000n\000a\000\040\000d\000e\000\040\000e\000s\000t\000a\000d\000o\000s\000\040\000d\000e\000\040\000c\000o\000n\000e\000x\000i\000\363\000n}{section.113}% 77
\BOOKMARK [2][-]{subsection.118}{\376\377\000E\000n\000d\000p\000o\000i\000n\000t\000s\000\040\000y\000\040\000f\000l\000u\000j\000o\000\040\000d\000e\000\040\000d\000a\000t\000o\000s}{section.113}% 78
\BOOKMARK [2][-]{subsection.123}{\376\377\000M\000o\000d\000o\000s\000\040\000d\000e\000\040\000v\000i\000s\000u\000a\000l\000i\000z\000a\000c\000i\000\363\000n}{section.113}% 79
\BOOKMARK [1][-]{section.127}{\376\377\000C\000o\000n\000f\000i\000g\000u\000r\000a\000c\000i\000\363\000n\000\040\000a\000m\000p\000l\000i\000a\000d\000a}{chapter.106}% 80
\BOOKMARK [2][-]{subsection.128}{\376\377\000C\000o\000n\000f\000i\000g\000u\000r\000a\000c\000i\000\363\000n\000\040\000d\000e\000l\000\040\000s\000e\000r\000v\000i\000d\000o\000r}{section.127}% 81
\BOOKMARK [2][-]{subsection.130}{\376\377\000M\000a\000p\000e\000o\000\040\000d\000e\000\040\000m\000a\000r\000c\000a\000d\000o\000r\000e\000s\000\040\000a\000\040\000e\000q\000u\000i\000p\000o\000s}{section.127}% 82
\BOOKMARK [1][-]{section.131}{\376\377\000C\000o\000n\000c\000l\000u\000s\000i\000o\000n\000e\000s\000\040\000y\000\040\000d\000e\000c\000i\000s\000i\000o\000n\000e\000s\000\040\000d\000e\000\040\000d\000i\000s\000e\000\361\000o}{chapter.106}% 83
\BOOKMARK [0][-]{chapter.132}{\376\377\000V\000a\000l\000i\000d\000a\000c\000i\000\363\000n\000\040\000y\000\040\000P\000r\000u\000e\000b\000a\000s}{}% 84
\BOOKMARK [1][-]{section.133}{\376\377\000V\000a\000l\000i\000d\000a\000c\000i\000\363\000n\000\040\000f\000u\000n\000c\000i\000o\000n\000a\000l}{chapter.132}% 85
\BOOKMARK [2][-]{subsection.134}{\376\377\000M\000o\000d\000o\000\040\000m\000o\000d\000e\000l\000o\000\040\0003\000D}{section.133}% 86
\BOOKMARK [2][-]{subsection.135}{\376\377\000M\000o\000d\000o\000\040\000c\000r\000o\000n\000\363\000m\000e\000t\000r\000o\000\040\000a\000n\000a\000l\000\363\000g\000i\000c\000o}{section.133}% 87
\BOOKMARK [2][-]{subsection.136}{\376\377\000M\000o\000d\000o\000\040\000m\000a\000r\000c\000a\000d\000o\000r\000\040\000d\000e\000\040\000c\000l\000a\000s\000i\000f\000i\000c\000a\000c\000i\000\363\000n\000\040\000\050\000s\000c\000o\000r\000e\000b\000o\000a\000r\000d\000\051}{section.133}% 88
\BOOKMARK [2][-]{subsection.137}{\376\377\000M\000o\000d\000o\000\040\000i\000n\000f\000o\000r\000m\000a\000c\000i\000\363\000n\000\040\000d\000e\000\040\000e\000q\000u\000i\000p\000o}{section.133}% 89
\BOOKMARK [1][-]{section.138}{\376\377\000R\000e\000n\000d\000i\000m\000i\000e\000n\000t\000o\000\040\000d\000e\000l\000\040\000s\000i\000s\000t\000e\000m\000a}{chapter.132}% 90
\BOOKMARK [2][-]{subsection.139}{\376\377\000L\000\355\000n\000e\000a\000\040\000b\000a\000s\000e}{section.138}% 91
\BOOKMARK [2][-]{subsection.142}{\376\377\000M\000o\000d\000o\000\040\000m\000o\000d\000e\000l\000o\000\040\0003\000D}{section.138}% 92
\BOOKMARK [2][-]{subsection.144}{\376\377\000M\000o\000d\000o\000\040\000A\000R\000\040\000c\000o\000n\000\040\000d\000e\000t\000e\000c\000c\000i\000\363\000n\000\040\000d\000e\000\040\000m\000a\000r\000c\000a\000d\000o\000r\000e\000s}{section.138}% 93
\BOOKMARK [2][-]{subsection.146}{\376\377\000M\000o\000d\000o\000s\000\040\000m\000a\000r\000c\000a\000d\000o\000r\000\040\000d\000e\000\040\000c\000l\000a\000s\000i\000f\000i\000c\000a\000c\000i\000\363\000n\000\040\000e\000\040\000i\000n\000f\000o\000r\000m\000a\000c\000i\000\363\000n\000\040\000d\000e\000\040\000e\000q\000u\000i\000p\000o}{section.138}% 94
\BOOKMARK [2][-]{subsection.149}{\376\377\000U\000s\000o\000\040\000s\000i\000m\000u\000l\000t\000\341\000n\000e\000o\000\040\000d\000e\000\040\000m\000\372\000l\000t\000i\000p\000l\000e\000s\000\040\000f\000i\000l\000t\000r\000o\000s}{section.138}% 95
\BOOKMARK [2][-]{subsection.151}{\376\377\000R\000e\000s\000u\000m\000e\000n\000\040\000d\000e\000\040\000r\000e\000s\000u\000l\000t\000a\000d\000o\000s}{section.138}% 96
\BOOKMARK [0][-]{chapter.153}{\376\377\000C\000o\000n\000c\000l\000u\000s\000i\000o\000n\000e\000s\000\040\000y\000\040\000T\000r\000a\000b\000a\000j\000o\000\040\000F\000u\000t\000u\000r\000o}{}% 97
\BOOKMARK [1][-]{section.154}{\376\377\000C\000o\000n\000c\000l\000u\000s\000i\000o\000n\000e\000s}{chapter.153}% 98
\BOOKMARK [1][-]{section.155}{\376\377\000L\000i\000m\000i\000t\000a\000c\000i\000o\000n\000e\000s}{chapter.153}% 99
\BOOKMARK [1][-]{section.156}{\376\377\000T\000r\000a\000b\000a\000j\000o\000\040\000F\000u\000t\000u\000r\000o}{chapter.153}% 100
\BOOKMARK [0][-]{chapter.157}{\376\377\000I\000n\000t\000r\000o\000d\000u\000c\000t\000i\000o\000n}{}% 101
\BOOKMARK [1][-]{section.158}{\376\377\000M\000o\000t\000i\000v\000a\000t\000i\000o\000n}{chapter.157}% 102
\BOOKMARK [1][-]{section.159}{\376\377\000O\000b\000j\000e\000c\000t\000i\000v\000e\000s}{chapter.157}% 103
\BOOKMARK [1][-]{section.161}{\376\377\000W\000o\000r\000k\000\040\000P\000l\000a\000n}{chapter.157}% 104
\BOOKMARK [0][-]{chapter.163}{\376\377\000C\000o\000n\000c\000l\000u\000s\000i\000o\000n\000s\000\040\000a\000n\000d\000\040\000F\000u\000t\000u\000r\000e\000\040\000W\000o\000r\000k}{}% 105
\BOOKMARK [1][-]{section.164}{\376\377\000C\000o\000n\000c\000l\000u\000s\000i\000o\000n\000s}{chapter.163}% 106
\BOOKMARK [1][-]{section.165}{\376\377\000L\000i\000m\000i\000t\000a\000t\000i\000o\000n\000s}{chapter.163}% 107
\BOOKMARK [1][-]{section.166}{\376\377\000F\000u\000t\000u\000r\000e\000\040\000W\000o\000r\000k}{chapter.163}% 108
\BOOKMARK [0][-]{chapter*.167}{\376\377\000C\000o\000n\000t\000r\000i\000b\000u\000c\000i\000o\000n\000e\000s\000\040\000P\000e\000r\000s\000o\000n\000a\000l\000e\000s}{}% 109
\BOOKMARK [0][-]{chapter*.168}{\376\377\000B\000i\000b\000l\000i\000o\000g\000r\000a\000f\000\355\000a}{}% 110
\BOOKMARK [0][-]{appendix.169}{\376\377\000M\000a\000n\000u\000a\000l\000\040\000d\000e\000\040\000I\000n\000s\000t\000a\000l\000a\000c\000i\000\363\000n\000\040\000d\000e\000l\000\040\000P\000l\000u\000g\000i\000n}{}% 111
\BOOKMARK [1][-]{section.170}{\376\377\000R\000e\000q\000u\000i\000s\000i\000t\000o\000s\000\040\000p\000r\000e\000v\000i\000o\000s\000\040\000d\000e\000l\000\040\000s\000i\000s\000t\000e\000m\000a}{appendix.169}% 112
\BOOKMARK [1][-]{section.171}{\376\377\000E\000s\000t\000r\000u\000c\000t\000u\000r\000a\000\040\000d\000e\000\040\000a\000r\000c\000h\000i\000v\000o\000s\000\040\000d\000e\000l\000\040\000p\000a\000q\000u\000e\000t\000e\000\040\000d\000e\000\040\000d\000i\000s\000t\000r\000i\000b\000u\000c\000i\000\363\000n}{appendix.169}% 113
\BOOKMARK [1][-]{section.172}{\376\377\000L\000o\000c\000a\000l\000i\000z\000a\000c\000i\000\363\000n\000\040\000d\000e\000l\000\040\000d\000i\000r\000e\000c\000t\000o\000r\000i\000o\000\040\000r\000a\000\355\000z\000\040\000d\000e\000\040\000O\000B\000S\000\040\000S\000t\000u\000d\000i\000o}{appendix.169}% 114
\BOOKMARK [1][-]{section.173}{\376\377\000D\000e\000s\000p\000l\000i\000e\000g\000u\000e\000\040\000d\000e\000\040\000l\000a\000s\000\040\000l\000i\000b\000r\000e\000r\000\355\000a\000s\000\040\000d\000e\000\040\000d\000e\000p\000e\000n\000d\000e\000n\000c\000i\000a\000s}{appendix.169}% 115
\BOOKMARK [2][-]{subsection.174}{\376\377\000P\000a\000s\000o\000\040\0003\000:\000\040\000I\000n\000s\000t\000a\000l\000a\000c\000i\000\363\000n\000\040\000d\000e\000l\000\040\000b\000i\000n\000a\000r\000i\000o\000\040\000d\000e\000l\000\040\000p\000l\000u\000g\000i\000n}{section.173}% 116
\BOOKMARK [1][-]{section.175}{\376\377\000V\000e\000r\000i\000f\000i\000c\000a\000c\000i\000\363\000n\000\040\000d\000e\000l\000\040\000f\000u\000n\000c\000i\000o\000n\000a\000m\000i\000e\000n\000t\000o\000\040\000y\000\040\000p\000r\000i\000m\000e\000r\000\040\000u\000s\000o}{appendix.169}% 117
\BOOKMARK [1][-]{section.182}{\376\377\000R\000e\000s\000o\000l\000u\000c\000i\000\363\000n\000\040\000d\000e\000\040\000p\000r\000o\000b\000l\000e\000m\000a\000s\000\040}{appendix.169}% 118
\BOOKMARK [1][-]{section.183}{\376\377\000P\000r\000o\000c\000e\000s\000o\000\040\000d\000e\000\040\000d\000e\000s\000i\000n\000s\000t\000a\000l\000a\000c\000i\000\363\000n}{appendix.169}% 119
\BOOKMARK [0][-]{appendix.186}{\376\377\000M\000a\000n\000u\000a\000l\000\040\000d\000e\000\040\000C\000o\000n\000f\000i\000g\000u\000r\000a\000c\000i\000\363\000n\000\040\000d\000e\000l\000\040\000P\000l\000u\000g\000i\000n}{}% 120
\BOOKMARK [1][-]{section.187}{\376\377\000M\000o\000d\000o\000\040\0003\000D\000\040\000\050\000R\000e\000n\000d\000e\000r\000i\000z\000a\000d\000o\000\040\000F\000i\000j\000o\000\051}{appendix.186}% 121
\BOOKMARK [1][-]{section.189}{\376\377\000M\000o\000d\000o\000\040\000A\000R\000\040\000\050\000R\000e\000a\000l\000i\000d\000a\000d\000\040\000A\000u\000m\000e\000n\000t\000a\000d\000a\000\040\000s\000o\000b\000r\000e\000\040\000M\000a\000r\000c\000a\000d\000o\000r\000\040\000\332\000n\000i\000c\000o\000\051}{appendix.186}% 122
\BOOKMARK [2][-]{subsection.190}{\376\377\000C\000o\000n\000f\000i\000g\000u\000r\000a\000c\000i\000\363\000n\000\040\000d\000e\000l\000\040\000M\000o\000d\000e\000l\000o\000\040\0003\000D}{section.189}% 123
\BOOKMARK [2][-]{subsection.191}{\376\377\000P\000a\000r\000\341\000m\000e\000t\000r\000o\000s\000\040\000d\000e\000\040\000D\000e\000t\000e\000c\000c\000i\000\363\000n\000\040\000A\000r\000U\000c\000o}{section.189}% 124
\BOOKMARK [2][-]{subsection.193}{\376\377\000A\000j\000u\000s\000t\000e\000s\000\040\000d\000e\000\040\000P\000o\000s\000i\000c\000i\000o\000n\000a\000m\000i\000e\000n\000t\000o\000\040\000R\000e\000l\000a\000t\000i\000v\000o\000\040\000\050\000O\000f\000f\000s\000e\000t\000s\000\051}{section.189}% 125
\BOOKMARK [1][-]{section.195}{\376\377\000M\000\363\000d\000u\000l\000o\000\040\000d\000e\000\040\000C\000o\000n\000e\000x\000i\000\363\000n\000\040\000y\000\040\000S\000i\000n\000c\000r\000o\000n\000i\000z\000a\000c\000i\000\363\000n\000\040\000c\000o\000n\000\040\000D\000O\000M\000j\000u\000d\000g\000e}{appendix.186}% 126
\BOOKMARK [1][-]{section.197}{\376\377\000M\000o\000d\000o\000\040\000C\000o\000u\000n\000t\000d\000o\000w\000n\000\040\000\050\000R\000e\000l\000o\000j\000\040\000A\000n\000a\000l\000\363\000g\000i\000c\000o\000\051}{appendix.186}% 127
\BOOKMARK [2][-]{subsection.198}{\376\377\000M\000o\000d\000e\000l\000o\000\040\0003\000D\000\040\000y\000\040\000P\000o\000s\000i\000c\000i\000o\000n\000a\000m\000i\000e\000n\000t\000o\000\040\000D\000i\000n\000\341\000m\000i\000c\000o}{section.197}% 128
\BOOKMARK [2][-]{subsection.199}{\376\377\000C\000o\000n\000f\000i\000g\000u\000r\000a\000c\000i\000\363\000n\000\040\000d\000e\000\040\000l\000a\000\040\000C\000u\000e\000n\000t\000a\000\040\000A\000t\000r\000\341\000s\000\040\000y\000\040\000A\000n\000i\000m\000a\000c\000i\000\363\000n}{section.197}% 129
\BOOKMARK [1][-]{section.201}{\376\377\000M\000o\000d\000o\000\040\000S\000c\000o\000r\000e\000b\000o\000a\000r\000d\000\040\000\050\000S\000u\000p\000e\000r\000p\000o\000s\000i\000c\000i\000\363\000n\000\040\000d\000e\000\040\000T\000e\000x\000t\000o\000\040\000B\000i\000d\000i\000m\000e\000n\000s\000i\000o\000n\000a\000l\000\051}{appendix.186}% 130
\BOOKMARK [2][-]{subsection.202}{\376\377\000P\000o\000s\000i\000c\000i\000o\000n\000a\000m\000i\000e\000n\000t\000o\000\040\000d\000e\000l\000\040\000C\000o\000m\000p\000o\000n\000e\000n\000t\000e\000\040\000G\000r\000\341\000f\000i\000c\000o}{section.201}% 131
\BOOKMARK [2][-]{subsection.203}{\376\377\000E\000s\000t\000i\000l\000o\000\040\000y\000\040\000A\000p\000a\000r\000i\000e\000n\000c\000i\000a\000\040\000d\000e\000l\000\040\000T\000e\000x\000t\000o}{section.201}% 132
\BOOKMARK [2][-]{subsection.204}{\376\377\000F\000o\000n\000d\000o\000\040\000d\000e\000l\000\040\000O\000v\000e\000r\000l\000a\000y}{section.201}% 133
\BOOKMARK [2][-]{subsection.205}{\376\377\000S\000o\000m\000b\000r\000a\000\040\000d\000e\000l\000\040\000O\000v\000e\000r\000l\000a\000y}{section.201}% 134
\BOOKMARK [2][-]{subsection.206}{\376\377\000S\000u\000a\000v\000i\000z\000a\000d\000o\000\040\000d\000e\000\040\000P\000o\000s\000i\000c\000i\000\363\000n\000\040\000A\000R}{section.201}% 135
\BOOKMARK [1][-]{section.208}{\376\377\000M\000o\000d\000o\000\040\000T\000e\000a\000m\000\040\000I\000n\000f\000o\000\040\000\050\000M\000a\000p\000e\000o\000\040\000M\000u\000l\000t\000i\000m\000a\000r\000c\000a\000d\000o\000r\000\051}{appendix.186}% 136
\BOOKMARK [0][-]{fin.0}{\376\377\000F\000i\000n}{}% 137
